mode: set
github.com/ShaxobiddinN/large_nums_task/bigint/bigint.go:20.47,25.33 3 1
github.com/ShaxobiddinN/large_nums_task/bigint/bigint.go:31.2,31.33 1 1
github.com/ShaxobiddinN/large_nums_task/bigint/bigint.go:36.2,37.24 2 1
github.com/ShaxobiddinN/large_nums_task/bigint/bigint.go:42.2,42.10 1 1
github.com/ShaxobiddinN/large_nums_task/bigint/bigint.go:46.3,48.17 2 1
github.com/ShaxobiddinN/large_nums_task/bigint/bigint.go:52.2,52.18 1 1
github.com/ShaxobiddinN/large_nums_task/bigint/bigint.go:25.33,27.3 1 1
github.com/ShaxobiddinN/large_nums_task/bigint/bigint.go:31.33,33.3 1 1
github.com/ShaxobiddinN/large_nums_task/bigint/bigint.go:37.24,38.36 1 1
github.com/ShaxobiddinN/large_nums_task/bigint/bigint.go:38.36,40.4 1 0
github.com/ShaxobiddinN/large_nums_task/bigint/bigint.go:42.10,44.3 1 0
github.com/ShaxobiddinN/large_nums_task/bigint/bigint.go:48.17,49.22 1 0
github.com/ShaxobiddinN/large_nums_task/bigint/bigint.go:55.30,57.34 2 1
github.com/ShaxobiddinN/large_nums_task/bigint/bigint.go:60.2,60.31 1 1
github.com/ShaxobiddinN/large_nums_task/bigint/bigint.go:69.2,69.19 1 1
github.com/ShaxobiddinN/large_nums_task/bigint/bigint.go:57.34,59.3 1 1
github.com/ShaxobiddinN/large_nums_task/bigint/bigint.go:60.31,63.3 2 0
github.com/ShaxobiddinN/large_nums_task/bigint/bigint.go:73.39,76.15 2 1
github.com/ShaxobiddinN/large_nums_task/bigint/bigint.go:81.2,82.14 2 1
github.com/ShaxobiddinN/large_nums_task/bigint/bigint.go:88.2,90.7 1 1
github.com/ShaxobiddinN/large_nums_task/bigint/bigint.go:76.15,78.3 1 0
github.com/ShaxobiddinN/large_nums_task/bigint/bigint.go:82.14,84.3 1 1
github.com/ShaxobiddinN/large_nums_task/bigint/bigint.go:84.8,86.3 1 0
github.com/ShaxobiddinN/large_nums_task/bigint/bigint.go:107.34,124.2 4 1
github.com/ShaxobiddinN/large_nums_task/bigint/bigint.go:127.35,136.2 4 1
github.com/ShaxobiddinN/large_nums_task/bigint/bigint.go:139.40,147.2 4 1
github.com/ShaxobiddinN/large_nums_task/bigint/bigint.go:150.35,163.2 4 1
github.com/ShaxobiddinN/large_nums_task/bigint/bigint.go:166.30,167.22 1 1
github.com/ShaxobiddinN/large_nums_task/bigint/bigint.go:172.2,172.22 1 1
github.com/ShaxobiddinN/large_nums_task/bigint/bigint.go:183.2,185.3 1 1
github.com/ShaxobiddinN/large_nums_task/bigint/bigint.go:167.22,171.3 1 1
github.com/ShaxobiddinN/large_nums_task/bigint/bigint.go:172.22,176.3 1 1
